<?xml version="1.0" encoding="UTF-8"?>
<!-- Generated by org.testng.reporters.JUnitReportReporter -->
<testsuite hostname="LAPTOP-E5EBS441" failures="0" tests="4" name="testngkeywordsstudy.InvocationCount" time="0.034" errors="0" timestamp="2022-11-25T13:04:49 IST" skipped="0">
  <testcase classname="testngkeywordsstudy.InvocationCount" name="repeat" time="0.006"/>
  <system-out>
    <![CDATA[login done]]>
  </system-out>
  <testcase classname="testngkeywordsstudy.InvocationCount" name="repeat" time="0.003"/>
  <system-out>
    <![CDATA[login done]]>
  </system-out>
  <testcase classname="testngkeywordsstudy.InvocationCount" name="repeat" time="0.007"/>
  <system-out>
    <![CDATA[login done]]>
  </system-out>
  <testcase classname="testngkeywordsstudy.InvocationCount" name="repeat" time="0.018"/>
  <system-out>
    <![CDATA[login done]]>
  </system-out>
</testsuite> <!-- testngkeywordsstudy.InvocationCount -->
