<?xml version="1.0" encoding="UTF-8"?>
<!-- Generated by org.testng.reporters.JUnitReportReporter -->
<testsuite hostname="LAPTOP-E5EBS441" failures="0" tests="4" name="testngkeywordsstudy.Enable" time="0.025" errors="0" timestamp="2022-12-01T10:38:01 IST" skipped="1">
  <testcase classname="testngkeywordsstudy.Enable" name="om" time="0.019"/>
  <system-out>
    <![CDATA[om is present]]>
  </system-out>
  <testcase classname="testngkeywordsstudy.Enable" name="prnv" time="0.005"/>
  <system-out>
    <![CDATA[prnv is present]]>
  </system-out>
  <testcase classname="testngkeywordsstudy.Enable" name="shiv" time="0.001"/>
  <system-out>
    <![CDATA[shiv is present]]>
  </system-out>
  <testcase classname="testngkeywordsstudy.Enable" name="mayu">
    <skipped/>
  </testcase> <!-- mayu -->
  <system-out/>
</testsuite> <!-- testngkeywordsstudy.Enable -->
