<?xml version="1.0" encoding="UTF-8"?>
<!-- Generated by org.testng.reporters.JUnitReportReporter -->
<testsuite hostname="LAPTOP-E5EBS441" failures="0" tests="1" name="serialandparallel.Testing2" time="14.274" errors="0" timestamp="2022-12-01T11:03:17 IST" skipped="0">
  <testcase classname="serialandparallel.Testing2" name="setsize" time="14.274"/>
  <system-out/>
</testsuite> <!-- serialandparallel.Testing2 -->
