<?xml version="1.0" encoding="UTF-8"?>
<!-- Generated by org.testng.reporters.JUnitReportReporter -->
<testsuite hostname="LAPTOP-E5EBS441" failures="0" tests="3" name="testngxml.Testing2" time="0.030" errors="0" timestamp="2022-12-01T10:24:11 IST" skipped="0">
  <testcase classname="testngxml.Testing2" name="H" time="0.004"/>
  <system-out>
    <![CDATA[H tc running]]>
  </system-out>
  <testcase classname="testngxml.Testing2" name="F" time="0.018"/>
  <system-out>
    <![CDATA[F tc running]]>
  </system-out>
  <testcase classname="testngxml.Testing2" name="G" time="0.008"/>
  <system-out>
    <![CDATA[G tc running]]>
  </system-out>
</testsuite> <!-- testngxml.Testing2 -->
