<?xml version="1.0" encoding="UTF-8"?>
<!-- Generated by org.testng.reporters.JUnitReportReporter -->
<testsuite hostname="LAPTOP-E5EBS441" failures="0" tests="1" name="serialandparallel.Testing1" time="15.012" errors="0" timestamp="2022-12-01T11:03:17 IST" skipped="0">
  <testcase classname="serialandparallel.Testing1" name="setposition" time="15.012"/>
  <system-out/>
</testsuite> <!-- serialandparallel.Testing1 -->
