<?xml version="1.0" encoding="UTF-8"?>
<!-- Generated by org.testng.reporters.JUnitReportReporter -->
<testsuite hostname="LAPTOP-E5EBS441" failures="0" tests="2" name="neostoxTestClass.validateusername" time="24.367" errors="0" timestamp="2022-12-06T15:16:59 IST" skipped="0">
  <testcase classname="neostoxTestClass.validateusername" name="getbalance" time="15.542"/>
  <system-out>
    <![CDATA[getting actualbalance Rs.5,00,000.00
testcase completed succesfully]]>
  </system-out>
  <testcase classname="neostoxTestClass.validateusername" name="validateuserid" time="8.825"/>
  <system-out>
    <![CDATA[getting actualusername 
matching tc pass
testcase completed succesfully]]>
  </system-out>
</testsuite> <!-- neostoxTestClass.validateusername -->
