<?xml version="1.0" encoding="UTF-8"?>
<!-- Generated by org.testng.reporters.JUnitReportReporter -->
<testsuite hostname="LAPTOP-E5EBS441" failures="0" tests="1" name="verificationsstudy.AssertNull" time="0.016" errors="0" timestamp="2022-12-01T11:30:20 IST" skipped="0">
  <testcase classname="verificationsstudy.AssertNull" name="TC5" time="0.016"/>
  <system-out>
    <![CDATA[TC5 is running]]>
  </system-out>
</testsuite> <!-- verificationsstudy.AssertNull -->
