<?xml version="1.0" encoding="UTF-8"?>
<!-- Generated by org.testng.reporters.JUnitReportReporter -->
<testsuite hostname="LAPTOP-E5EBS441" failures="0" tests="5" name="groupstudy.Testing2" time="0.026" errors="0" timestamp="2022-12-01T10:53:50 IST" skipped="0">
  <testcase classname="groupstudy.Testing2" name="J" time="0.011"/>
  <system-out>
    <![CDATA[J tc running]]>
  </system-out>
  <testcase classname="groupstudy.Testing2" name="H" time="0.006"/>
  <system-out>
    <![CDATA[H tc running]]>
  </system-out>
  <testcase classname="groupstudy.Testing2" name="F" time="0.002"/>
  <system-out>
    <![CDATA[F tc running]]>
  </system-out>
  <testcase classname="groupstudy.Testing2" name="G" time="0.006"/>
  <system-out>
    <![CDATA[G tc running]]>
  </system-out>
  <testcase classname="groupstudy.Testing2" name="I" time="0.001"/>
  <system-out>
    <![CDATA[I tc running]]>
  </system-out>
</testsuite> <!-- groupstudy.Testing2 -->
