<?xml version="1.0" encoding="UTF-8"?>
<!-- Generated by org.testng.reporters.JUnitReportReporter -->
<testsuite hostname="LAPTOP-E5EBS441" failures="0" tests="1" name="verificationsstudy.AssertTrue" time="0.018" errors="0" timestamp="2022-12-01T11:25:04 IST" skipped="0">
  <testcase classname="verificationsstudy.AssertTrue" name="TC3" time="0.018"/>
  <system-out>
    <![CDATA[TC3 is running]]>
  </system-out>
</testsuite> <!-- verificationsstudy.AssertTrue -->
