<?xml version="1.0" encoding="UTF-8"?>
<!-- Generated by org.testng.reporters.JUnitReportReporter -->
<testsuite hostname="LAPTOP-E5EBS441" failures="0" tests="1" name="verificationsstudy.AssertNotEquals" time="0.020" errors="0" timestamp="2022-12-01T11:19:23 IST" skipped="0">
  <testcase classname="verificationsstudy.AssertNotEquals" name="f" time="0.020"/>
  <system-out>
    <![CDATA[TC1 is running]]>
  </system-out>
</testsuite> <!-- verificationsstudy.AssertNotEquals -->
