<?xml version="1.0" encoding="UTF-8"?>
<!-- Generated by org.testng.reporters.JUnitReportReporter -->
<testsuite hostname="LAPTOP-E5EBS441" failures="0" tests="1" name="testngAnnotationsstudy.Annotationex02" time="0.013" errors="0" timestamp="2022-11-25T13:04:14 IST" skipped="0">
  <testcase classname="testngAnnotationsstudy.Annotationex02" name="facebook" time="0.013"/>
  <system-out>
    <![CDATA[userlogin done]]>
  </system-out>
</testsuite> <!-- testngAnnotationsstudy.Annotationex02 -->
