<?xml version="1.0" encoding="UTF-8"?>
<!-- Generated by org.testng.reporters.JUnitReportReporter -->
<testsuite hostname="LAPTOP-E5EBS441" failures="0" tests="5" name="groupstudy.Testing1" time="0.041" errors="0" timestamp="2022-12-01T10:53:50 IST" skipped="0">
  <testcase classname="groupstudy.Testing1" name="C" time="0.007"/>
  <system-out>
    <![CDATA[C tc running]]>
  </system-out>
  <testcase classname="groupstudy.Testing1" name="D" time="0.009"/>
  <system-out>
    <![CDATA[D tc running]]>
  </system-out>
  <testcase classname="groupstudy.Testing1" name="E" time="0.004"/>
  <system-out>
    <![CDATA[E tc running]]>
  </system-out>
  <testcase classname="groupstudy.Testing1" name="B" time="0.007"/>
  <system-out>
    <![CDATA[B tc running]]>
  </system-out>
  <testcase classname="groupstudy.Testing1" name="A" time="0.014"/>
  <system-out>
    <![CDATA[A tc running]]>
  </system-out>
</testsuite> <!-- groupstudy.Testing1 -->
