<?xml version="1.0" encoding="UTF-8"?>
<!-- Generated by org.testng.reporters.JUnitReportReporter -->
<testsuite hostname="LAPTOP-E5EBS441" failures="0" tests="2" name="testngxml.Testing1" time="0.008" errors="0" timestamp="2022-12-01T10:24:11 IST" skipped="0">
  <testcase classname="testngxml.Testing1" name="C" time="0.005"/>
  <system-out>
    <![CDATA[C tc running]]>
  </system-out>
  <testcase classname="testngxml.Testing1" name="A" time="0.003"/>
  <system-out>
    <![CDATA[A tc running]]>
  </system-out>
</testsuite> <!-- testngxml.Testing1 -->
