<?xml version="1.0" encoding="UTF-8"?>
<!-- Generated by org.testng.reporters.JUnitReportReporter -->
<testsuite hostname="LAPTOP-E5EBS441" failures="0" tests="2" name="testngAnnotationsstudy.Annotationstudy" time="0.026" errors="0" timestamp="2022-11-08T14:55:35 IST" skipped="0">
  <testcase classname="testngAnnotationsstudy.Annotationstudy" name="redifftest" time="0.011"/>
  <system-out>
    <![CDATA[rediffmail test done]]>
  </system-out>
  <testcase classname="testngAnnotationsstudy.Annotationstudy" name="googletest" time="0.015"/>
  <system-out>
    <![CDATA[google test done]]>
  </system-out>
</testsuite> <!-- testngAnnotationsstudy.Annotationstudy -->
