<?xml version="1.0" encoding="UTF-8"?>
<!-- Generated by org.testng.reporters.JUnitReportReporter -->
<testsuite hostname="LAPTOP-E5EBS441" failures="0" tests="4" name="testngkeywordsstudy.priority" time="0.020" errors="0" timestamp="2022-11-25T13:54:43 IST" skipped="0">
  <testcase classname="testngkeywordsstudy.priority" name="shiv" time="0.013"/>
  <system-out>
    <![CDATA[shiv is present]]>
  </system-out>
  <testcase classname="testngkeywordsstudy.priority" name="mayu" time="0.002"/>
  <system-out>
    <![CDATA[mayu is present]]>
  </system-out>
  <testcase classname="testngkeywordsstudy.priority" name="om" time="0.002"/>
  <system-out>
    <![CDATA[om is present]]>
  </system-out>
  <testcase classname="testngkeywordsstudy.priority" name="prnv" time="0.003"/>
  <system-out>
    <![CDATA[prnv is present]]>
  </system-out>
</testsuite> <!-- testngkeywordsstudy.priority -->
