<?xml version="1.0" encoding="UTF-8"?>
<!-- Generated by org.testng.reporters.JUnitReportReporter -->
<testsuite hostname="LAPTOP-E5EBS441" failures="0" tests="1" name="verificationsstudy.AssertNotnull" time="0.021" errors="0" timestamp="2022-12-01T11:32:54 IST" skipped="0">
  <testcase classname="verificationsstudy.AssertNotnull" name="f" time="0.021"/>
  <system-out>
    <![CDATA[TC5 is running]]>
  </system-out>
</testsuite> <!-- verificationsstudy.AssertNotnull -->
