<?xml version="1.0" encoding="UTF-8"?>
<!-- Generated by org.testng.reporters.JUnitReportReporter -->
<testsuite hostname="LAPTOP-E5EBS441" failures="0" tests="2" name="testngstudy.My1sttestngclass" time="23.450" errors="0" timestamp="2022-11-25T13:03:11 IST" skipped="0">
  <testcase classname="testngstudy.My1sttestngclass" name="googlelogin" time="14.969"/>
  <system-out>
    <![CDATA[google login done]]>
  </system-out>
  <testcase classname="testngstudy.My1sttestngclass" name="upstoxlogin" time="8.481"/>
  <system-out>
    <![CDATA[upstox login done]]>
  </system-out>
</testsuite> <!-- testngstudy.My1sttestngclass -->
